<?xml version="1.0" encoding="UTF-8"?>
<!-- Generated by org.testng.reporters.JUnitReportReporter -->
<testsuite hostname="ADMIN" failures="0" tests="1" name="test.Projecttest" time="85.409" errors="0" timestamp="2023-10-24T17:22:42 IST" skipped="0">
  <testcase classname="test.Projecttest" name="test" time="85.409"/>
  <system-out/>
</testsuite> <!-- test.Projecttest -->
